<?xml version="1.0" encoding="UTF-8"?>
<!-- Generated by org.testng.reporters.JUnitReportReporter -->
<testsuite hostname="Siddesh_Prabhu" failures="0" tests="1" name="com.Jenkins.implementation.gmail" time="2.770" errors="0" timestamp="24 Jan 2024 08:10:14 GMT" skipped="0">
  <testcase classname="com.Jenkins.implementation.gmail" name="launch" time="2.770"/>
</testsuite> <!-- com.Jenkins.implementation.gmail -->
